[debug] [2025-11-23T15:37:14.650Z] ----------------------------------------------------------------------
[debug] [2025-11-23T15:37:14.651Z] Command:       /Users/sana/.nvm/versions/node/v22.21.1/bin/node /Users/sana/.nvm/versions/node/v22.21.1/bin/firebase init
[debug] [2025-11-23T15:37:14.652Z] CLI Version:   14.26.0
[debug] [2025-11-23T15:37:14.652Z] Platform:      darwin
[debug] [2025-11-23T15:37:14.652Z] Node Version:  v22.21.1
[debug] [2025-11-23T15:37:14.652Z] Time:          Sun Nov 23 2025 16:37:14 GMT+0100 (Central European Standard Time)
[debug] [2025-11-23T15:37:14.652Z] ----------------------------------------------------------------------
[debug] 
[info] 
     ######## #### ########  ######## ########     ###     ######  ########
     ##        ##  ##     ## ##       ##     ##  ##   ##  ##       ##
     ######    ##  ########  ######   ########  #########  ######  ######
     ##        ##  ##    ##  ##       ##     ## ##     ##       ## ##
     ##       #### ##     ## ######## ########  ##     ##  ######  ########

You're about to initialize a Firebase project in this directory:

  /Users/sana/Desktop/Interaction Programming and the Dynamic Web  DH2642/LABs/Interaction-Programming-Dynamic-Web

[info] 
=== Project Setup
[info] 
[info] First, let's associate this project directory with a Firebase project.
[info] You can create multiple project aliases by running firebase use --add, 
[info] 
[info] i  If you want to create a project in a Google Cloud organization or folder, please use "firebase projects:create" instead, and return to this command when you've created the project. 
[debug] [2025-11-23T15:37:26.743Z] > command requires scopes: ["email","openid","https://www.googleapis.com/auth/cloudplatformprojects.readonly","https://www.googleapis.com/auth/firebase","https://www.googleapis.com/auth/cloud-platform"]
[debug] [2025-11-23T15:37:26.743Z] > authorizing via signed-in user (s.monhaserii@gmail.com)
[debug] [2025-11-23T15:40:47.015Z] ExitPromptError: User force closed the prompt with SIGINT
    at Interface.sigint (/Users/sana/.nvm/versions/node/v22.21.1/lib/node_modules/firebase-tools/node_modules/@inquirer/core/dist/commonjs/lib/create-prompt.js:101:37)
    at Interface.emit (node:events:519:28)
    at Interface.emit (node:domain:489:12)
    at [_ttyWrite] [as _ttyWrite] (node:internal/readline/interface:1134:18)
    at ReadStream.onkeypress (node:internal/readline/interface:271:20)
    at ReadStream.emit (node:events:531:35)
    at ReadStream.emit (node:domain:489:12)
    at emitKeys (node:internal/readline/utils:370:14)
    at emitKeys.next (<anonymous>)
    at ReadStream.onData (node:internal/readline/emitKeypressEvents:64:36)
[error] 
[error] Error: An unexpected error has occurred.
